<?xml version="1.0" encoding="UTF-8"?>
<testng-results ignored="0" total="1" passed="1" failed="0" skipped="0">
  <reporter-output>
  </reporter-output>
  <suite started-at="2023-12-06T13:12:22 IST" name="Default suite" finished-at="2023-12-06T13:12:55 IST" duration-ms="33650">
    <groups>
    </groups>
    <test started-at="2023-12-06T13:12:22 IST" name="Default test" finished-at="2023-12-06T13:12:55 IST" duration-ms="33650">
      <class name="TestCases.AdminPageTest">
        <test-method is-config="true" signature="beforeTest()[pri:0, instance:TestCases.AdminPageTest@15de0b3c]" started-at="2023-12-06T13:12:22 IST" name="beforeTest" finished-at="2023-12-06T13:12:22 IST" duration-ms="341" status="PASS">
          <reporter-output>
          </reporter-output>
        </test-method> <!-- beforeTest -->
        <test-method is-config="true" signature="setup(java.lang.reflect.Method)[pri:0, instance:TestCases.AdminPageTest@15de0b3c]" started-at="2023-12-06T13:12:22 IST" name="setup" finished-at="2023-12-06T13:12:38 IST" duration-ms="15429" status="PASS">
          <params>
            <param index="0">
              <value>
                <![CDATA[public void TestCases.AdminPageTest.userManangementButtonTest() throws java.lang.InterruptedException]]>
              </value>
            </param>
          </params>
          <reporter-output>
          </reporter-output>
        </test-method> <!-- setup -->
        <test-method signature="userManangementButtonTest()[pri:0, instance:TestCases.AdminPageTest@15de0b3c]" started-at="2023-12-06T13:12:38 IST" name="userManangementButtonTest" finished-at="2023-12-06T13:12:55 IST" duration-ms="16993" status="PASS">
          <reporter-output>
          </reporter-output>
        </test-method> <!-- userManangementButtonTest -->
        <test-method is-config="true" signature="getTestResult(org.testng.ITestResult)[pri:0, instance:TestCases.AdminPageTest@15de0b3c]" started-at="2023-12-06T13:12:55 IST" name="getTestResult" finished-at="2023-12-06T13:12:55 IST" duration-ms="381" status="PASS">
          <params>
            <param index="0">
              <value>
                <![CDATA[[TestResult name=userManangementButtonTest status=SUCCESS method=AdminPageTest.userManangementButtonTest()[pri:0, instance:TestCases.AdminPageTest@15de0b3c] output={null}]]]>
              </value>
            </param>
          </params>
          <reporter-output>
          </reporter-output>
        </test-method> <!-- getTestResult -->
        <test-method is-config="true" signature="afterTest()[pri:0, instance:TestCases.AdminPageTest@15de0b3c]" started-at="2023-12-06T13:12:55 IST" name="afterTest" finished-at="2023-12-06T13:12:55 IST" duration-ms="465" status="PASS">
          <reporter-output>
          </reporter-output>
        </test-method> <!-- afterTest -->
      </class> <!-- TestCases.AdminPageTest -->
    </test> <!-- Default test -->
  </suite> <!-- Default suite -->
</testng-results>
